<?xml version="1.0" encoding="UTF-8"?>
<!-- Generated by org.testng.reporters.JUnitReportReporter -->
<testsuite hostname="DESKTOP-INPEV6M" failures="0" tests="2" name="TestRunner.TestRun" time="18.703" errors="0" timestamp="2024-07-18T14:59:42 IST" skipped="0">
  <testcase classname="TestRunner.TestRun" name="runScenario" time="5.408"/>
  <testcase classname="TestRunner.TestRun" name="runScenario" time="13.295"/>
</testsuite> <!-- TestRunner.TestRun -->
