<?xml version="1.0" encoding="UTF-8"?>
<!-- Generated by org.testng.reporters.JUnitReportReporter -->
<testsuite hostname="DESKTOP-INPEV6M" failures="0" tests="2" name="TestRunner.TestRun" time="25.529" errors="0" timestamp="2024-07-19T19:55:42 IST" skipped="0">
  <testcase classname="TestRunner.TestRun" name="runScenario" time="16.277"/>
  <testcase classname="TestRunner.TestRun" name="runScenario" time="9.252"/>
</testsuite> <!-- TestRunner.TestRun -->
